Using pre-set license
Built from '2021.3/staging' branch; Version is '2021.3.18f1 (3129e69bc0c7) revision 3221990'; Using compiler version '192829333'; Build Type 'Release'
OS: 'Windows 10  (10.0.14393) 64bit EnterpriseS' Language: 'en' Physical Memory: 65487 MB
BatchMode: 1, IsHumanControllingUs: 0, StartBugReporterOnCrash: 0, Is64bit: 1, IsPro: 1

COMMAND LINE ARGUMENTS:
D:\_UNITY_\Editor\2021.3.18f1\Editor\Unity.exe
-adb2
-batchMode
-noUpm
-name
AssetImportWorker8
-projectPath
D:/_UNITY_/Projects/TestTaskJuly/2DTopShooter
-logFile
Logs/AssetImportWorker8.log
-srvPort
58986
Successfully changed project path to: D:/_UNITY_/Projects/TestTaskJuly/2DTopShooter
D:/_UNITY_/Projects/TestTaskJuly/2DTopShooter
[UnityMemory] Configuration Parameters - Can be set up in boot.config
    "memorysetup-bucket-allocator-granularity=16"
    "memorysetup-bucket-allocator-bucket-count=8"
    "memorysetup-bucket-allocator-block-size=33554432"
    "memorysetup-bucket-allocator-block-count=8"
    "memorysetup-main-allocator-block-size=16777216"
    "memorysetup-thread-allocator-block-size=16777216"
    "memorysetup-gfx-main-allocator-block-size=16777216"
    "memorysetup-gfx-thread-allocator-block-size=16777216"
    "memorysetup-cache-allocator-block-size=4194304"
    "memorysetup-typetree-allocator-block-size=2097152"
    "memorysetup-profiler-bucket-allocator-granularity=16"
    "memorysetup-profiler-bucket-allocator-bucket-count=8"
    "memorysetup-profiler-bucket-allocator-block-size=33554432"
    "memorysetup-profiler-bucket-allocator-block-count=8"
    "memorysetup-profiler-allocator-block-size=16777216"
    "memorysetup-profiler-editor-allocator-block-size=1048576"
    "memorysetup-temp-allocator-size-main=16777216"
    "memorysetup-job-temp-allocator-block-size=2097152"
    "memorysetup-job-temp-allocator-block-size-background=1048576"
    "memorysetup-job-temp-allocator-reduction-small-platforms=262144"
    "memorysetup-temp-allocator-size-background-worker=32768"
    "memorysetup-temp-allocator-size-job-worker=262144"
    "memorysetup-temp-allocator-size-preload-manager=33554432"
    "memorysetup-temp-allocator-size-nav-mesh-worker=65536"
    "memorysetup-temp-allocator-size-audio-worker=65536"
    "memorysetup-temp-allocator-size-cloud-worker=32768"
    "memorysetup-temp-allocator-size-gi-baking-worker=262144"
    "memorysetup-temp-allocator-size-gfx=262144"
Player connection [43728] Host "[IP] 172.25.0.165 [Port] 0 [Flags] 2 [Guid] 3719961371 [EditorId] 3719961371 [Version] 1048832 [Id] WindowsEditor(7,Atom-PC) [Debug] 1 [PackageName] WindowsEditor [ProjectName] Editor" joined multi-casting on [225.0.0.222:54997]...

Player connection [43728] Host "[IP] 172.25.0.165 [Port] 0 [Flags] 2 [Guid] 3719961371 [EditorId] 3719961371 [Version] 1048832 [Id] WindowsEditor(7,Atom-PC) [Debug] 1 [PackageName] WindowsEditor [ProjectName] Editor" joined alternative multi-casting on [225.0.0.222:34997]...

Refreshing native plugins compatible for Editor in 91.02 ms, found 4 plugins.
Preloading 0 native plugins for Editor in 0.00 ms.
Initialize engine version: 2021.3.18f1 (3129e69bc0c7)
[Subsystems] Discovering subsystems at path D:/_UNITY_/Editor/2021.3.18f1/Editor/Data/Resources/UnitySubsystems
[Subsystems] Discovering subsystems at path D:/_UNITY_/Projects/TestTaskJuly/2DTopShooter/Assets
GfxDevice: creating device client; threaded=0; jobified=0
Direct3D:
    Version:  Direct3D 11.0 [level 11.1]
    Renderer: NVIDIA GeForce GTX 1080 (ID=0x1b80)
    Vendor:   NVIDIA
    VRAM:     8084 MB
    Driver:   27.21.14.5206
Initialize mono
Mono path[0] = 'D:/_UNITY_/Editor/2021.3.18f1/Editor/Data/Managed'
Mono path[1] = 'D:/_UNITY_/Editor/2021.3.18f1/Editor/Data/MonoBleedingEdge/lib/mono/unityjit-win32'
Mono config path = 'D:/_UNITY_/Editor/2021.3.18f1/Editor/Data/MonoBleedingEdge/etc'
Using monoOptions --debugger-agent=transport=dt_socket,embedding=1,server=y,suspend=n,address=127.0.0.1:56212
Begin MonoManager ReloadAssembly
Registering precompiled unity dll's ...
Register platform support module: D:/_UNITY_/Editor/2021.3.18f1/Editor/Data/PlaybackEngines/WindowsStandaloneSupport/UnityEditor.WindowsStandalone.Extensions.dll
Registered in 0.001856 seconds.
Native extension for WindowsStandalone target not found
Refreshing native plugins compatible for Editor in 88.16 ms, found 4 plugins.
Preloading 0 native plugins for Editor in 0.00 ms.
Mono: successfully reloaded assembly
- Completed reload, in  0.576 seconds
Domain Reload Profiling:
	ReloadAssembly (576ms)
		BeginReloadAssembly (68ms)
			ExecutionOrderSort (0ms)
			DisableScriptedObjects (0ms)
			BackupInstance (0ms)
			ReleaseScriptingObjects (0ms)
			CreateAndSetChildDomain (1ms)
		EndReloadAssembly (422ms)
			LoadAssemblies (67ms)
			RebuildTransferFunctionScriptingTraits (0ms)
			SetupTypeCache (90ms)
			ReleaseScriptCaches (0ms)
			RebuildScriptCaches (26ms)
			SetupLoadedEditorAssemblies (262ms)
				LogAssemblyErrors (0ms)
				InitializePlatformSupportModulesInManaged (6ms)
				SetLoadedEditorAssemblies (0ms)
				RefreshPlugins (88ms)
				BeforeProcessingInitializeOnLoad (1ms)
				ProcessInitializeOnLoadAttributes (126ms)
				ProcessInitializeOnLoadMethodAttributes (41ms)
				AfterProcessingInitializeOnLoad (0ms)
				EditorAssembliesLoaded (1ms)
			ExecutionOrderSort2 (0ms)
			AwakeInstancesAfterBackupRestoration (0ms)
Platform modules already initialized, skipping
Registering precompiled user dll's ...
Registered in 0.004439 seconds.
Begin MonoManager ReloadAssembly
Symbol file LoadedFromMemory doesn't match image D:\_UNITY_\Projects\TestTaskJuly\2DTopShooter\Library\PackageCache\com.unity.visualscripting@1.8.0\Editor\VisualScripting.Core\Dependencies\YamlDotNet\Unity.VisualScripting.YamlDotNet.dll
Symbol file LoadedFromMemory doesn't match image D:\_UNITY_\Projects\TestTaskJuly\2DTopShooter\Library\PackageCache\com.unity.visualscripting@1.8.0\Editor\VisualScripting.Core\Dependencies\DotNetZip\Unity.VisualScripting.IonicZip.dll
Native extension for WindowsStandalone target not found
Refreshing native plugins compatible for Editor in 87.99 ms, found 4 plugins.
Preloading 0 native plugins for Editor in 0.00 ms.
Mono: successfully reloaded assembly
- Completed reload, in  0.959 seconds
Domain Reload Profiling:
	ReloadAssembly (960ms)
		BeginReloadAssembly (97ms)
			ExecutionOrderSort (0ms)
			DisableScriptedObjects (5ms)
			BackupInstance (0ms)
			ReleaseScriptingObjects (0ms)
			CreateAndSetChildDomain (17ms)
		EndReloadAssembly (768ms)
			LoadAssemblies (75ms)
			RebuildTransferFunctionScriptingTraits (0ms)
			SetupTypeCache (203ms)
			ReleaseScriptCaches (1ms)
			RebuildScriptCaches (49ms)
			SetupLoadedEditorAssemblies (408ms)
				LogAssemblyErrors (0ms)
				InitializePlatformSupportModulesInManaged (3ms)
				SetLoadedEditorAssemblies (0ms)
				RefreshPlugins (88ms)
				BeforeProcessingInitializeOnLoad (77ms)
				ProcessInitializeOnLoadAttributes (203ms)
				ProcessInitializeOnLoadMethodAttributes (34ms)
				AfterProcessingInitializeOnLoad (2ms)
				EditorAssembliesLoaded (0ms)
			ExecutionOrderSort2 (0ms)
			AwakeInstancesAfterBackupRestoration (5ms)
Platform modules already initialized, skipping
========================================================================
Worker process is ready to serve import requests
Launched and connected shader compiler UnityShaderCompiler.exe after 0.03 seconds
Refreshing native plugins compatible for Editor in 1.14 ms, found 4 plugins.
Preloading 0 native plugins for Editor in 0.00 ms.
Unloading 3795 Unused Serialized files (Serialized files now loaded: 0)
Unloading 41 unused Assets / (229.0 KB). Loaded Objects now: 4251.
Memory consumption went from 146.5 MB to 146.3 MB.
Total: 3.473321 ms (FindLiveObjects: 0.321123 ms CreateObjectMapping: 0.222957 ms MarkObjects: 2.772048 ms  DeleteObjects: 0.156230 ms)

AssetImportParameters requested are different than current active one (requested -> active):
  custom:video-decoder-ogg-theora: a1e56fd34408186e4bbccfd4996cb3dc -> 
  custom:container-muxer-webm: aa71ff27fc2769a1b78a27578f13a17b -> 
  custom:container-demuxer-webm: 4f35f7cbe854078d1ac9338744f61a02 -> 
  custom:video-encoder-webm-vp8: eb34c28f22e8b96e1ab97ce403110664 -> 
  custom:video-codec-MediaFoundation-h265: 55f8c8538cf0483ab7069ead6b737db2 -> 
  custom:audio-encoder-webm-vorbis: bf7c407c2cedff20999df2af8eb42d56 -> 
  custom:framework-win-MediaFoundation: 216162199b28c13a410421893ffa2e32 -> 
  custom:container-demuxer-ogg: 62fdf1f143b41e24485cea50d1cbac27 -> 
  custom:video-decoder-webm-vp8: 9c59270c3fd7afecdb556c50c9e8de78 -> 
  custom:audio-decoder-ogg-vorbis: bf7c407c2cedff20999df2af8eb42d56 -> 
========================================================================
Received Import Request.
  Time since last request: 361420.039230 seconds.
  path: Assets/Art/CrossHairs/Black/crosshair082.png
  artifactKey: Guid(e5eedd318f05e984eb4d0a4a17a4c00a) Importer(815301076,1909f56bfc062723c751e8b465ee728b)
Start importing Assets/Art/CrossHairs/Black/crosshair082.png using Guid(e5eedd318f05e984eb4d0a4a17a4c00a) Importer(815301076,1909f56bfc062723c751e8b465ee728b)  -> (artifact id: 'de5d3ec1fd578f0370d45f2bb94f2f89') in 0.102988 seconds 
========================================================================
Received Import Request.
  Time since last request: 1.970624 seconds.
  path: Assets/Art/CrossHairs/Black/crosshair098.png
  artifactKey: Guid(d5fa71ed84d2cf04faa3218e9b2ddb97) Importer(815301076,1909f56bfc062723c751e8b465ee728b)
Start importing Assets/Art/CrossHairs/Black/crosshair098.png using Guid(d5fa71ed84d2cf04faa3218e9b2ddb97) Importer(815301076,1909f56bfc062723c751e8b465ee728b)  -> (artifact id: 'c97d89245b2f685faf43294766c591c6') in 0.010527 seconds 
========================================================================
Received Import Request.
  Time since last request: 0.000015 seconds.
  path: Assets/Art/CrossHairs/Black/crosshair107.png
  artifactKey: Guid(63a3942e75c8f0a43a18e9c33d69ed75) Importer(815301076,1909f56bfc062723c751e8b465ee728b)
Start importing Assets/Art/CrossHairs/Black/crosshair107.png using Guid(63a3942e75c8f0a43a18e9c33d69ed75) Importer(815301076,1909f56bfc062723c751e8b465ee728b)  -> (artifact id: '143301bb5b29890fbc5d42100668c415') in 0.009829 seconds 
========================================================================
Received Import Request.
  Time since last request: 0.000015 seconds.
  path: Assets/Art/CrossHairs/Black/crosshair106.png
  artifactKey: Guid(b4b2779226687754985a53f158a8eb2f) Importer(815301076,1909f56bfc062723c751e8b465ee728b)
Start importing Assets/Art/CrossHairs/Black/crosshair106.png using Guid(b4b2779226687754985a53f158a8eb2f) Importer(815301076,1909f56bfc062723c751e8b465ee728b)  -> (artifact id: 'd9e9c4cf6a866fc954e3fa5033a82777') in 0.009498 seconds 
========================================================================
Received Import Request.
  Time since last request: 0.000017 seconds.
  path: Assets/Art/CrossHairs/Black/crosshair112.png
  artifactKey: Guid(a27ddc1d02ca921429becc323972beb2) Importer(815301076,1909f56bfc062723c751e8b465ee728b)
Start importing Assets/Art/CrossHairs/Black/crosshair112.png using Guid(a27ddc1d02ca921429becc323972beb2) Importer(815301076,1909f56bfc062723c751e8b465ee728b)  -> (artifact id: '6faf36dfb533a70ec75ba3c980cbc0fc') in 0.008000 seconds 
========================================================================
Received Import Request.
  Time since last request: 0.000033 seconds.
  path: Assets/Art/CrossHairs/Black/crosshair108.png
  artifactKey: Guid(a0d0a42e557b2894baf3728a947c0e53) Importer(815301076,1909f56bfc062723c751e8b465ee728b)
Start importing Assets/Art/CrossHairs/Black/crosshair108.png using Guid(a0d0a42e557b2894baf3728a947c0e53) Importer(815301076,1909f56bfc062723c751e8b465ee728b)  -> (artifact id: 'dd68a3e214145ef02baed0a86e76dc35') in 0.010762 seconds 
========================================================================
Received Import Request.
  Time since last request: 51.844317 seconds.
  path: Assets/Art/CrossHairs/Black Retina
  artifactKey: Guid(2f0f681fdd105be40a1e3d8581354f71) Importer(815301076,1909f56bfc062723c751e8b465ee728b)
Start importing Assets/Art/CrossHairs/Black Retina using Guid(2f0f681fdd105be40a1e3d8581354f71) Importer(815301076,1909f56bfc062723c751e8b465ee728b)  -> (artifact id: '355b4f0237c5540bd3507f4bd2f98be7') in 0.002785 seconds 
========================================================================
Received Import Request.
  Time since last request: 0.056645 seconds.
  path: Assets/Art/CrossHairs/Black Retina/crosshair001.png
  artifactKey: Guid(c7cfbddb92add3b43acdcb33ef99b9bc) Importer(815301076,1909f56bfc062723c751e8b465ee728b)
Start importing Assets/Art/CrossHairs/Black Retina/crosshair001.png using Guid(c7cfbddb92add3b43acdcb33ef99b9bc) Importer(815301076,1909f56bfc062723c751e8b465ee728b)  -> (artifact id: '862025c6d6b6fe92d4337fd2a23dafd9') in 0.010862 seconds 
========================================================================
Received Import Request.
  Time since last request: 0.000020 seconds.
  path: Assets/Art/CrossHairs/Black Retina/crosshair033.png
  artifactKey: Guid(8c83e61900dc7204f8061fcefa65342d) Importer(815301076,1909f56bfc062723c751e8b465ee728b)
Start importing Assets/Art/CrossHairs/Black Retina/crosshair033.png using Guid(8c83e61900dc7204f8061fcefa65342d) Importer(815301076,1909f56bfc062723c751e8b465ee728b)  -> (artifact id: '932a2094b8eaabf25b990be9e677f220') in 0.009039 seconds 
========================================================================
Received Import Request.
  Time since last request: 0.000019 seconds.
  path: Assets/Art/CrossHairs/Black Retina/crosshair048.png
  artifactKey: Guid(d093d2d67f3652245a7d9d3705cc0865) Importer(815301076,1909f56bfc062723c751e8b465ee728b)
Start importing Assets/Art/CrossHairs/Black Retina/crosshair048.png using Guid(d093d2d67f3652245a7d9d3705cc0865) Importer(815301076,1909f56bfc062723c751e8b465ee728b)  -> (artifact id: '82533a2524a9434d9a92bc0dfe1d73b2') in 0.009306 seconds 
========================================================================
Received Import Request.
  Time since last request: 0.000025 seconds.
  path: Assets/Art/CrossHairs/Black Retina/crosshair043.png
  artifactKey: Guid(9fd0a120b870a9044a3a8fb80ef91f4e) Importer(815301076,1909f56bfc062723c751e8b465ee728b)
Start importing Assets/Art/CrossHairs/Black Retina/crosshair043.png using Guid(9fd0a120b870a9044a3a8fb80ef91f4e) Importer(815301076,1909f56bfc062723c751e8b465ee728b)  -> (artifact id: 'd8e18e7c8ffbdb814153baa01c075cac') in 0.009783 seconds 
========================================================================
Received Import Request.
  Time since last request: 0.000016 seconds.
  path: Assets/Art/CrossHairs/Black Retina/crosshair016.png
  artifactKey: Guid(9ce862ac7f24ca448962f36fe2eded2b) Importer(815301076,1909f56bfc062723c751e8b465ee728b)
Start importing Assets/Art/CrossHairs/Black Retina/crosshair016.png using Guid(9ce862ac7f24ca448962f36fe2eded2b) Importer(815301076,1909f56bfc062723c751e8b465ee728b)  -> (artifact id: '4d27377fbbc591297703ec61b68bf16d') in 0.009982 seconds 
========================================================================
Received Import Request.
  Time since last request: 0.000018 seconds.
  path: Assets/Art/CrossHairs/Black Retina/crosshair022.png
  artifactKey: Guid(0ea05dc5643902346a90682999198c32) Importer(815301076,1909f56bfc062723c751e8b465ee728b)
Start importing Assets/Art/CrossHairs/Black Retina/crosshair022.png using Guid(0ea05dc5643902346a90682999198c32) Importer(815301076,1909f56bfc062723c751e8b465ee728b)  -> (artifact id: '1f6ba912549a2af7716b7bce444855dc') in 0.009386 seconds 
========================================================================
Received Import Request.
  Time since last request: 0.000024 seconds.
  path: Assets/Art/CrossHairs/Black Retina/crosshair042.png
  artifactKey: Guid(50b537729ff0a6045936f90d054ff309) Importer(815301076,1909f56bfc062723c751e8b465ee728b)
Start importing Assets/Art/CrossHairs/Black Retina/crosshair042.png using Guid(50b537729ff0a6045936f90d054ff309) Importer(815301076,1909f56bfc062723c751e8b465ee728b)  -> (artifact id: '4116414ef1a53c565cac23ad39ea9000') in 0.010751 seconds 
========================================================================
Received Import Request.
  Time since last request: 0.000016 seconds.
  path: Assets/Art/CrossHairs/Black Retina/crosshair030.png
  artifactKey: Guid(0c4dccef15207c341be09cd1ddb88807) Importer(815301076,1909f56bfc062723c751e8b465ee728b)
Start importing Assets/Art/CrossHairs/Black Retina/crosshair030.png using Guid(0c4dccef15207c341be09cd1ddb88807) Importer(815301076,1909f56bfc062723c751e8b465ee728b)  -> (artifact id: '41a39de20138f9f61aad93ecba8e68b2') in 0.009815 seconds 
========================================================================
Received Import Request.
  Time since last request: 0.000019 seconds.
  path: Assets/Art/CrossHairs/Black Retina/crosshair063.png
  artifactKey: Guid(2f57d9b3e9c89d940bed7d757c2e2935) Importer(815301076,1909f56bfc062723c751e8b465ee728b)
Start importing Assets/Art/CrossHairs/Black Retina/crosshair063.png using Guid(2f57d9b3e9c89d940bed7d757c2e2935) Importer(815301076,1909f56bfc062723c751e8b465ee728b)  -> (artifact id: '3ca9eba65e3830c5c38ff5ed160e6acd') in 0.010870 seconds 
========================================================================
Received Import Request.
  Time since last request: 0.000017 seconds.
  path: Assets/Art/CrossHairs/Black Retina/crosshair004.png
  artifactKey: Guid(93d37e12c7cccaf49ba8f52b0877ef26) Importer(815301076,1909f56bfc062723c751e8b465ee728b)
Start importing Assets/Art/CrossHairs/Black Retina/crosshair004.png using Guid(93d37e12c7cccaf49ba8f52b0877ef26) Importer(815301076,1909f56bfc062723c751e8b465ee728b)  -> (artifact id: 'f297139664ca5597e89d7a46ce175a34') in 0.029874 seconds 
========================================================================
Received Import Request.
  Time since last request: 0.000016 seconds.
  path: Assets/Art/CrossHairs/Black Retina/crosshair006.png
  artifactKey: Guid(edbbf14ae521e594f80a867cf9f96631) Importer(815301076,1909f56bfc062723c751e8b465ee728b)
Start importing Assets/Art/CrossHairs/Black Retina/crosshair006.png using Guid(edbbf14ae521e594f80a867cf9f96631) Importer(815301076,1909f56bfc062723c751e8b465ee728b)  -> (artifact id: 'ec2d1e288801f8b2026a74210edd181d') in 0.010030 seconds 
========================================================================
Received Import Request.
  Time since last request: 0.000014 seconds.
  path: Assets/Art/CrossHairs/Black Retina/crosshair053.png
  artifactKey: Guid(215f5c988a95b844884c3f3062d267eb) Importer(815301076,1909f56bfc062723c751e8b465ee728b)
Start importing Assets/Art/CrossHairs/Black Retina/crosshair053.png using Guid(215f5c988a95b844884c3f3062d267eb) Importer(815301076,1909f56bfc062723c751e8b465ee728b)  -> (artifact id: '7e7a18b851a4994e22fec846b352bb0a') in 0.010113 seconds 
========================================================================
Received Import Request.
  Time since last request: 0.000020 seconds.
  path: Assets/Art/CrossHairs/Black Retina/crosshair061.png
  artifactKey: Guid(74f1af4ff71b9a64184c21badda79be1) Importer(815301076,1909f56bfc062723c751e8b465ee728b)
Start importing Assets/Art/CrossHairs/Black Retina/crosshair061.png using Guid(74f1af4ff71b9a64184c21badda79be1) Importer(815301076,1909f56bfc062723c751e8b465ee728b)  -> (artifact id: '1cbf1be7a89aece6453face1ed1f0c51') in 0.013647 seconds 
========================================================================
Received Import Request.
  Time since last request: 0.000015 seconds.
  path: Assets/Art/CrossHairs/Black Retina/crosshair023.png
  artifactKey: Guid(55efd88dfc9827348b8c2b7dc6add711) Importer(815301076,1909f56bfc062723c751e8b465ee728b)
Start importing Assets/Art/CrossHairs/Black Retina/crosshair023.png using Guid(55efd88dfc9827348b8c2b7dc6add711) Importer(815301076,1909f56bfc062723c751e8b465ee728b)  -> (artifact id: '5ff2aa4969bfa8a393a636a1e4f6cce2') in 0.011294 seconds 
========================================================================
Received Import Request.
  Time since last request: 0.000015 seconds.
  path: Assets/Art/CrossHairs/Black Retina/crosshair056.png
  artifactKey: Guid(2bbc2fbb3e327fb4a9fa70a83ab57eb1) Importer(815301076,1909f56bfc062723c751e8b465ee728b)
Start importing Assets/Art/CrossHairs/Black Retina/crosshair056.png using Guid(2bbc2fbb3e327fb4a9fa70a83ab57eb1) Importer(815301076,1909f56bfc062723c751e8b465ee728b)  -> (artifact id: '04b164990f80a689681ead368953872e') in 0.012066 seconds 
========================================================================
Received Import Request.
  Time since last request: 0.000018 seconds.
  path: Assets/Art/CrossHairs/Black Retina/crosshair050.png
  artifactKey: Guid(55ab87f2acd596f41bcd61b01cc7d9d5) Importer(815301076,1909f56bfc062723c751e8b465ee728b)
Start importing Assets/Art/CrossHairs/Black Retina/crosshair050.png using Guid(55ab87f2acd596f41bcd61b01cc7d9d5) Importer(815301076,1909f56bfc062723c751e8b465ee728b)  -> (artifact id: '19bfaeb1236b91dd121ccd4a778c60d6') in 0.011351 seconds 
========================================================================
Received Import Request.
  Time since last request: 0.000025 seconds.
  path: Assets/Art/CrossHairs/Black Retina/crosshair052.png
  artifactKey: Guid(db444570e0bb1dc4487e2a077da89529) Importer(815301076,1909f56bfc062723c751e8b465ee728b)
Start importing Assets/Art/CrossHairs/Black Retina/crosshair052.png using Guid(db444570e0bb1dc4487e2a077da89529) Importer(815301076,1909f56bfc062723c751e8b465ee728b)  -> (artifact id: '41d92fb35ec66d972ee284c2a7261bfd') in 0.012722 seconds 
========================================================================
Received Import Request.
  Time since last request: 0.000022 seconds.
  path: Assets/Art/CrossHairs/Black Retina/crosshair040.png
  artifactKey: Guid(0072331793d69204b8fb49092920f72b) Importer(815301076,1909f56bfc062723c751e8b465ee728b)
Start importing Assets/Art/CrossHairs/Black Retina/crosshair040.png using Guid(0072331793d69204b8fb49092920f72b) Importer(815301076,1909f56bfc062723c751e8b465ee728b)  -> (artifact id: 'ac2adf68aa38e4a48cc73f3148f8c400') in 0.010627 seconds 
========================================================================
Received Import Request.
  Time since last request: 0.000021 seconds.
  path: Assets/Art/CrossHairs/Black Retina/crosshair015.png
  artifactKey: Guid(e23c48593ec55a6409e2ff5d43e80af2) Importer(815301076,1909f56bfc062723c751e8b465ee728b)
Start importing Assets/Art/CrossHairs/Black Retina/crosshair015.png using Guid(e23c48593ec55a6409e2ff5d43e80af2) Importer(815301076,1909f56bfc062723c751e8b465ee728b)  -> (artifact id: '1bfb6a41d47e2248fdfd957e5261c2cd') in 0.011201 seconds 
========================================================================
Received Import Request.
  Time since last request: 0.000018 seconds.
  path: Assets/Art/CrossHairs/Black Retina/crosshair035.png
  artifactKey: Guid(a87feff07b3e3c645b8e1837ec191d67) Importer(815301076,1909f56bfc062723c751e8b465ee728b)
Start importing Assets/Art/CrossHairs/Black Retina/crosshair035.png using Guid(a87feff07b3e3c645b8e1837ec191d67) Importer(815301076,1909f56bfc062723c751e8b465ee728b)  -> (artifact id: '9734069361f2e20ff13eff5de7a7d8e6') in 0.012445 seconds 
========================================================================
Received Import Request.
  Time since last request: 0.000016 seconds.
  path: Assets/Art/CrossHairs/Black Retina/crosshair044.png
  artifactKey: Guid(bd2b86942ba04d84099242e7a5d21355) Importer(815301076,1909f56bfc062723c751e8b465ee728b)
Start importing Assets/Art/CrossHairs/Black Retina/crosshair044.png using Guid(bd2b86942ba04d84099242e7a5d21355) Importer(815301076,1909f56bfc062723c751e8b465ee728b)  -> (artifact id: '72cfd42cf087c336026dab34c50cef34') in 0.011571 seconds 
========================================================================
Received Import Request.
  Time since last request: 0.000021 seconds.
  path: Assets/Art/CrossHairs/Black Retina/crosshair038.png
  artifactKey: Guid(f498c33a725571640a87029be5578dbf) Importer(815301076,1909f56bfc062723c751e8b465ee728b)
Start importing Assets/Art/CrossHairs/Black Retina/crosshair038.png using Guid(f498c33a725571640a87029be5578dbf) Importer(815301076,1909f56bfc062723c751e8b465ee728b)  -> (artifact id: 'e22f036a64f9dea300715f414b6c3296') in 0.012434 seconds 
========================================================================
Received Import Request.
  Time since last request: 5.362934 seconds.
  path: Assets/Art/CrossHairs/Outline
  artifactKey: Guid(28c8d607c4cf01844a35b53ecffc44b8) Importer(815301076,1909f56bfc062723c751e8b465ee728b)
Start importing Assets/Art/CrossHairs/Outline using Guid(28c8d607c4cf01844a35b53ecffc44b8) Importer(815301076,1909f56bfc062723c751e8b465ee728b)  -> (artifact id: '33c07d8b1fb3b650e29e4465c74ed91d') in 0.002649 seconds 
========================================================================
Received Import Request.
  Time since last request: 0.070467 seconds.
  path: Assets/Art/CrossHairs/Outline/crosshair001.png
  artifactKey: Guid(7a6f24c0a3e46004a87bff5d5b995059) Importer(815301076,1909f56bfc062723c751e8b465ee728b)
Start importing Assets/Art/CrossHairs/Outline/crosshair001.png using Guid(7a6f24c0a3e46004a87bff5d5b995059) Importer(815301076,1909f56bfc062723c751e8b465ee728b)  -> (artifact id: '27b47151c079f83ad74caf6b269f0dd2') in 0.013526 seconds 
========================================================================
Received Import Request.
  Time since last request: 0.000021 seconds.
  path: Assets/Art/CrossHairs/Outline/crosshair058.png
  artifactKey: Guid(3acd0826b9d674545aa6fbffb51f5610) Importer(815301076,1909f56bfc062723c751e8b465ee728b)
Start importing Assets/Art/CrossHairs/Outline/crosshair058.png using Guid(3acd0826b9d674545aa6fbffb51f5610) Importer(815301076,1909f56bfc062723c751e8b465ee728b)  -> (artifact id: '176bc8213dc3c3f7f21c32347abf9ec6') in 0.009985 seconds 
========================================================================
Received Import Request.
  Time since last request: 0.000019 seconds.
  path: Assets/Art/CrossHairs/Outline/crosshair041.png
  artifactKey: Guid(ec483876297599141bb649c2aeb45c7c) Importer(815301076,1909f56bfc062723c751e8b465ee728b)
Start importing Assets/Art/CrossHairs/Outline/crosshair041.png using Guid(ec483876297599141bb649c2aeb45c7c) Importer(815301076,1909f56bfc062723c751e8b465ee728b)  -> (artifact id: 'b4597bd678c84f457cb7f59d06d5c74b') in 0.010002 seconds 
========================================================================
Received Import Request.
  Time since last request: 0.000014 seconds.
  path: Assets/Art/CrossHairs/Outline/crosshair020.png
  artifactKey: Guid(5c71e3c161483f34d873a712b9455b25) Importer(815301076,1909f56bfc062723c751e8b465ee728b)
Start importing Assets/Art/CrossHairs/Outline/crosshair020.png using Guid(5c71e3c161483f34d873a712b9455b25) Importer(815301076,1909f56bfc062723c751e8b465ee728b)  -> (artifact id: 'cb952e700fd7f1fd3c9be58682ec8d9c') in 0.009668 seconds 
========================================================================
Received Import Request.
  Time since last request: 0.000013 seconds.
  path: Assets/Art/CrossHairs/Outline/crosshair060.png
  artifactKey: Guid(700ff7ff3d8ea5348baaccd9c8a5c074) Importer(815301076,1909f56bfc062723c751e8b465ee728b)
Start importing Assets/Art/CrossHairs/Outline/crosshair060.png using Guid(700ff7ff3d8ea5348baaccd9c8a5c074) Importer(815301076,1909f56bfc062723c751e8b465ee728b)  -> (artifact id: '9b67f9ed036db602f2afe459a8ac6849') in 0.009190 seconds 
========================================================================
Received Import Request.
  Time since last request: 0.000020 seconds.
  path: Assets/Art/CrossHairs/Outline/crosshair019.png
  artifactKey: Guid(43db92a06e2249e4ca8926c32d5c7855) Importer(815301076,1909f56bfc062723c751e8b465ee728b)
Start importing Assets/Art/CrossHairs/Outline/crosshair019.png using Guid(43db92a06e2249e4ca8926c32d5c7855) Importer(815301076,1909f56bfc062723c751e8b465ee728b)  -> (artifact id: '159c5d90e9e3011068404dd6166af037') in 0.010185 seconds 
========================================================================
Received Import Request.
  Time since last request: 0.000025 seconds.
  path: Assets/Art/CrossHairs/Outline/crosshair044.png
  artifactKey: Guid(2d7493e7682e4f14eb659ae458add074) Importer(815301076,1909f56bfc062723c751e8b465ee728b)
Start importing Assets/Art/CrossHairs/Outline/crosshair044.png using Guid(2d7493e7682e4f14eb659ae458add074) Importer(815301076,1909f56bfc062723c751e8b465ee728b)  -> (artifact id: '28abbec410d5c3978cfb033ab9c1997e') in 0.010104 seconds 
========================================================================
Received Import Request.
  Time since last request: 0.000015 seconds.
  path: Assets/Art/CrossHairs/Outline/crosshair008.png
  artifactKey: Guid(5ffc577c558d0d84db8ac72034785664) Importer(815301076,1909f56bfc062723c751e8b465ee728b)
Start importing Assets/Art/CrossHairs/Outline/crosshair008.png using Guid(5ffc577c558d0d84db8ac72034785664) Importer(815301076,1909f56bfc062723c751e8b465ee728b)  -> (artifact id: '02edad8f0406054414dd3108b2de3960') in 0.008217 seconds 
========================================================================
Received Import Request.
  Time since last request: 0.000022 seconds.
  path: Assets/Art/CrossHairs/Outline/crosshair053.png
  artifactKey: Guid(1504426973cca004d996c5c4fe4a35fe) Importer(815301076,1909f56bfc062723c751e8b465ee728b)
Start importing Assets/Art/CrossHairs/Outline/crosshair053.png using Guid(1504426973cca004d996c5c4fe4a35fe) Importer(815301076,1909f56bfc062723c751e8b465ee728b)  -> (artifact id: 'cc0db60caf4199489c5329d920b8faa1') in 0.008797 seconds 
========================================================================
Received Import Request.
  Time since last request: 0.000022 seconds.
  path: Assets/Art/CrossHairs/Outline/crosshair010.png
  artifactKey: Guid(433869d1ea48ce74da7918547193bb46) Importer(815301076,1909f56bfc062723c751e8b465ee728b)
Start importing Assets/Art/CrossHairs/Outline/crosshair010.png using Guid(433869d1ea48ce74da7918547193bb46) Importer(815301076,1909f56bfc062723c751e8b465ee728b)  -> (artifact id: '1bd3a85fd437aaaeb939001ceebdccc6') in 0.008753 seconds 
========================================================================
Received Import Request.
  Time since last request: 0.000016 seconds.
  path: Assets/Art/CrossHairs/Outline/crosshair018.png
  artifactKey: Guid(81f030150019e9241bc1b63381194139) Importer(815301076,1909f56bfc062723c751e8b465ee728b)
Start importing Assets/Art/CrossHairs/Outline/crosshair018.png using Guid(81f030150019e9241bc1b63381194139) Importer(815301076,1909f56bfc062723c751e8b465ee728b)  -> (artifact id: 'ffe800fd89caee8881ddb9789c14957e') in 0.008890 seconds 
========================================================================
Received Import Request.
  Time since last request: 0.000016 seconds.
  path: Assets/Art/CrossHairs/Outline/crosshair052.png
  artifactKey: Guid(d634c96e71a1bfb47b02ec53b73c17c3) Importer(815301076,1909f56bfc062723c751e8b465ee728b)
Start importing Assets/Art/CrossHairs/Outline/crosshair052.png using Guid(d634c96e71a1bfb47b02ec53b73c17c3) Importer(815301076,1909f56bfc062723c751e8b465ee728b)  -> (artifact id: 'e06e35288d95cc15e72ff62b241f111d') in 0.008385 seconds 
========================================================================
Received Import Request.
  Time since last request: 0.000017 seconds.
  path: Assets/Art/CrossHairs/Outline/crosshair036.png
  artifactKey: Guid(393090f7733a8b0408b4e431293508e1) Importer(815301076,1909f56bfc062723c751e8b465ee728b)
Start importing Assets/Art/CrossHairs/Outline/crosshair036.png using Guid(393090f7733a8b0408b4e431293508e1) Importer(815301076,1909f56bfc062723c751e8b465ee728b)  -> (artifact id: '6b7d4fa96599e605da2b8919421dc89e') in 0.010059 seconds 
========================================================================
Received Import Request.
  Time since last request: 0.000021 seconds.
  path: Assets/Art/CrossHairs/Outline/crosshair061.png
  artifactKey: Guid(7dbde4b3bcd8e9d44b317f4d0dce2a2e) Importer(815301076,1909f56bfc062723c751e8b465ee728b)
Start importing Assets/Art/CrossHairs/Outline/crosshair061.png using Guid(7dbde4b3bcd8e9d44b317f4d0dce2a2e) Importer(815301076,1909f56bfc062723c751e8b465ee728b)  -> (artifact id: '850022f205df1b2a4aa90b71930ce4b4') in 0.009476 seconds 
========================================================================
Received Import Request.
  Time since last request: 0.000017 seconds.
  path: Assets/Art/CrossHairs/Outline/crosshair014.png
  artifactKey: Guid(e7f589422f8759b47868798223ec1bba) Importer(815301076,1909f56bfc062723c751e8b465ee728b)
Start importing Assets/Art/CrossHairs/Outline/crosshair014.png using Guid(e7f589422f8759b47868798223ec1bba) Importer(815301076,1909f56bfc062723c751e8b465ee728b)  -> (artifact id: 'e0b47abd03b0d8eb3877b24dd1e71821') in 0.008673 seconds 
========================================================================
Received Import Request.
  Time since last request: 0.000016 seconds.
  path: Assets/Art/CrossHairs/Outline/crosshair038.png
  artifactKey: Guid(4cad5b39a19a852469426ef7950c50a6) Importer(815301076,1909f56bfc062723c751e8b465ee728b)
Start importing Assets/Art/CrossHairs/Outline/crosshair038.png using Guid(4cad5b39a19a852469426ef7950c50a6) Importer(815301076,1909f56bfc062723c751e8b465ee728b)  -> (artifact id: 'b70fa5d0bb8ea1dfa8fbbe1023961bd1') in 0.009122 seconds 
========================================================================
Received Import Request.
  Time since last request: 0.000015 seconds.
  path: Assets/Art/CrossHairs/Outline/crosshair037.png
  artifactKey: Guid(bc2b4ba455167bb44a6b6829b5238340) Importer(815301076,1909f56bfc062723c751e8b465ee728b)
Start importing Assets/Art/CrossHairs/Outline/crosshair037.png using Guid(bc2b4ba455167bb44a6b6829b5238340) Importer(815301076,1909f56bfc062723c751e8b465ee728b)  -> (artifact id: '140e394e04d600c2400595d78f7f416c') in 0.008512 seconds 
========================================================================
Received Import Request.
  Time since last request: 0.000016 seconds.
  path: Assets/Art/CrossHairs/Outline/crosshair029.png
  artifactKey: Guid(1e74e33f1bf60a04885fd5b9669133a5) Importer(815301076,1909f56bfc062723c751e8b465ee728b)
Start importing Assets/Art/CrossHairs/Outline/crosshair029.png using Guid(1e74e33f1bf60a04885fd5b9669133a5) Importer(815301076,1909f56bfc062723c751e8b465ee728b)  -> (artifact id: '79277dfb8d153dfc7d9922869ec4c596') in 0.009934 seconds 
========================================================================
Received Import Request.
  Time since last request: 0.000016 seconds.
  path: Assets/Art/CrossHairs/Outline/crosshair046.png
  artifactKey: Guid(e908e23a6a6fcf34c96da22cc2d50001) Importer(815301076,1909f56bfc062723c751e8b465ee728b)
Start importing Assets/Art/CrossHairs/Outline/crosshair046.png using Guid(e908e23a6a6fcf34c96da22cc2d50001) Importer(815301076,1909f56bfc062723c751e8b465ee728b)  -> (artifact id: '2d69ef8674591ecc156ae2649ab635a7') in 0.010853 seconds 
========================================================================
Received Import Request.
  Time since last request: 0.000024 seconds.
  path: Assets/Art/CrossHairs/Outline/crosshair049.png
  artifactKey: Guid(5dad41fc05edf9e4fa12738175ee1f6a) Importer(815301076,1909f56bfc062723c751e8b465ee728b)
Start importing Assets/Art/CrossHairs/Outline/crosshair049.png using Guid(5dad41fc05edf9e4fa12738175ee1f6a) Importer(815301076,1909f56bfc062723c751e8b465ee728b)  -> (artifact id: '118fbfa124c2394bdaf088426e0db499') in 0.010666 seconds 
========================================================================
Received Import Request.
  Time since last request: 0.000015 seconds.
  path: Assets/Art/CrossHairs/Outline/crosshair043.png
  artifactKey: Guid(714b26416b4a90f4eaee14cdcf5e5b06) Importer(815301076,1909f56bfc062723c751e8b465ee728b)
Start importing Assets/Art/CrossHairs/Outline/crosshair043.png using Guid(714b26416b4a90f4eaee14cdcf5e5b06) Importer(815301076,1909f56bfc062723c751e8b465ee728b)  -> (artifact id: 'cdaf8ca13d1314840a318aee07b961a7') in 0.009212 seconds 
========================================================================
Received Import Request.
  Time since last request: 0.000020 seconds.
  path: Assets/Art/CrossHairs/Outline/crosshair026.png
  artifactKey: Guid(990f8169193d21b4a8edd055de72e03a) Importer(815301076,1909f56bfc062723c751e8b465ee728b)
Start importing Assets/Art/CrossHairs/Outline/crosshair026.png using Guid(990f8169193d21b4a8edd055de72e03a) Importer(815301076,1909f56bfc062723c751e8b465ee728b)  -> (artifact id: 'a23f9254438f373bb2ea911f134678e7') in 0.009798 seconds 
========================================================================
Received Import Request.
  Time since last request: 128.888025 seconds.
  path: Assets/Scripts/Crosshair.cs
  artifactKey: Guid(0a9c8336f4ef1c641a627ca69ce3412f) Importer(815301076,1909f56bfc062723c751e8b465ee728b)
Start importing Assets/Scripts/Crosshair.cs using Guid(0a9c8336f4ef1c641a627ca69ce3412f) Importer(815301076,1909f56bfc062723c751e8b465ee728b)  -> (artifact id: 'd72ffee4e3a293a8209ada734887a757') in 0.005849 seconds 
========================================================================
Received Prepare
Registering precompiled user dll's ...
Registered in 0.004472 seconds.
Begin MonoManager ReloadAssembly
Symbol file LoadedFromMemory doesn't match image D:\_UNITY_\Projects\TestTaskJuly\2DTopShooter\Library\PackageCache\com.unity.visualscripting@1.8.0\Editor\VisualScripting.Core\Dependencies\YamlDotNet\Unity.VisualScripting.YamlDotNet.dll
Symbol file LoadedFromMemory doesn't match image D:\_UNITY_\Projects\TestTaskJuly\2DTopShooter\Library\PackageCache\com.unity.visualscripting@1.8.0\Editor\VisualScripting.Core\Dependencies\DotNetZip\Unity.VisualScripting.IonicZip.dll
Native extension for WindowsStandalone target not found
Refreshing native plugins compatible for Editor in 0.72 ms, found 4 plugins.
Preloading 0 native plugins for Editor in 0.00 ms.
Mono: successfully reloaded assembly
- Completed reload, in  0.858 seconds
Domain Reload Profiling:
	ReloadAssembly (859ms)
		BeginReloadAssembly (123ms)
			ExecutionOrderSort (0ms)
			DisableScriptedObjects (6ms)
			BackupInstance (0ms)
			ReleaseScriptingObjects (0ms)
			CreateAndSetChildDomain (38ms)
		EndReloadAssembly (657ms)
			LoadAssemblies (78ms)
			RebuildTransferFunctionScriptingTraits (0ms)
			SetupTypeCache (204ms)
			ReleaseScriptCaches (1ms)
			RebuildScriptCaches (39ms)
			SetupLoadedEditorAssemblies (302ms)
				LogAssemblyErrors (0ms)
				InitializePlatformSupportModulesInManaged (10ms)
				SetLoadedEditorAssemblies (0ms)
				RefreshPlugins (1ms)
				BeforeProcessingInitializeOnLoad (56ms)
				ProcessInitializeOnLoadAttributes (202ms)
				ProcessInitializeOnLoadMethodAttributes (31ms)
				AfterProcessingInitializeOnLoad (2ms)
				EditorAssembliesLoaded (0ms)
			ExecutionOrderSort2 (0ms)
			AwakeInstancesAfterBackupRestoration (8ms)
Platform modules already initialized, skipping
Refreshing native plugins compatible for Editor in 3.16 ms, found 4 plugins.
Preloading 0 native plugins for Editor in 0.00 ms.
Unloading 3778 Unused Serialized files (Serialized files now loaded: 0)
Unloading 28 unused Assets / (195.6 KB). Loaded Objects now: 4265.
Memory consumption went from 149.0 MB to 148.8 MB.
Total: 3.276348 ms (FindLiveObjects: 0.382075 ms CreateObjectMapping: 0.389453 ms MarkObjects: 2.311697 ms  DeleteObjects: 0.192160 ms)

AssetImportParameters requested are different than current active one (requested -> active):
  custom:video-decoder-ogg-theora: a1e56fd34408186e4bbccfd4996cb3dc -> 
  custom:container-muxer-webm: aa71ff27fc2769a1b78a27578f13a17b -> 
  custom:container-demuxer-webm: 4f35f7cbe854078d1ac9338744f61a02 -> 
  custom:video-encoder-webm-vp8: eb34c28f22e8b96e1ab97ce403110664 -> 
  custom:video-codec-MediaFoundation-h265: 55f8c8538cf0483ab7069ead6b737db2 -> 
  custom:audio-encoder-webm-vorbis: bf7c407c2cedff20999df2af8eb42d56 -> 
  custom:framework-win-MediaFoundation: 216162199b28c13a410421893ffa2e32 -> 
  custom:container-demuxer-ogg: 62fdf1f143b41e24485cea50d1cbac27 -> 
  custom:video-decoder-webm-vp8: 9c59270c3fd7afecdb556c50c9e8de78 -> 
  custom:audio-decoder-ogg-vorbis: bf7c407c2cedff20999df2af8eb42d56 -> 
========================================================================
Received Import Request.
  Time since last request: 61.843542 seconds.
  path: Assets/Scripts/Crosshair.cs
  artifactKey: Guid(0a9c8336f4ef1c641a627ca69ce3412f) Importer(815301076,1909f56bfc062723c751e8b465ee728b)
Start importing Assets/Scripts/Crosshair.cs using Guid(0a9c8336f4ef1c641a627ca69ce3412f) Importer(815301076,1909f56bfc062723c751e8b465ee728b)  -> (artifact id: '69890476312804f8a195e7045b9c3458') in 0.007206 seconds 
========================================================================
Received Prepare
Registering precompiled user dll's ...
Registered in 0.004340 seconds.
Begin MonoManager ReloadAssembly
Symbol file LoadedFromMemory doesn't match image D:\_UNITY_\Projects\TestTaskJuly\2DTopShooter\Library\PackageCache\com.unity.visualscripting@1.8.0\Editor\VisualScripting.Core\Dependencies\YamlDotNet\Unity.VisualScripting.YamlDotNet.dll
Symbol file LoadedFromMemory doesn't match image D:\_UNITY_\Projects\TestTaskJuly\2DTopShooter\Library\PackageCache\com.unity.visualscripting@1.8.0\Editor\VisualScripting.Core\Dependencies\DotNetZip\Unity.VisualScripting.IonicZip.dll
Native extension for WindowsStandalone target not found
Refreshing native plugins compatible for Editor in 0.71 ms, found 4 plugins.
Preloading 0 native plugins for Editor in 0.00 ms.
Mono: successfully reloaded assembly
- Completed reload, in  0.846 seconds
Domain Reload Profiling:
	ReloadAssembly (847ms)
		BeginReloadAssembly (121ms)
			ExecutionOrderSort (0ms)
			DisableScriptedObjects (7ms)
			BackupInstance (0ms)
			ReleaseScriptingObjects (0ms)
			CreateAndSetChildDomain (36ms)
		EndReloadAssembly (646ms)
			LoadAssemblies (79ms)
			RebuildTransferFunctionScriptingTraits (0ms)
			SetupTypeCache (210ms)
			ReleaseScriptCaches (1ms)
			RebuildScriptCaches (45ms)
			SetupLoadedEditorAssemblies (277ms)
				LogAssemblyErrors (0ms)
				InitializePlatformSupportModulesInManaged (10ms)
				SetLoadedEditorAssemblies (0ms)
				RefreshPlugins (1ms)
				BeforeProcessingInitializeOnLoad (56ms)
				ProcessInitializeOnLoadAttributes (178ms)
				ProcessInitializeOnLoadMethodAttributes (30ms)
				AfterProcessingInitializeOnLoad (2ms)
				EditorAssembliesLoaded (0ms)
			ExecutionOrderSort2 (0ms)
			AwakeInstancesAfterBackupRestoration (7ms)
Platform modules already initialized, skipping
Refreshing native plugins compatible for Editor in 3.28 ms, found 4 plugins.
Preloading 0 native plugins for Editor in 0.00 ms.
Unloading 3778 Unused Serialized files (Serialized files now loaded: 0)
Unloading 28 unused Assets / (195.6 KB). Loaded Objects now: 4268.
Memory consumption went from 149.0 MB to 148.8 MB.
Total: 4.349751 ms (FindLiveObjects: 0.281664 ms CreateObjectMapping: 0.291609 ms MarkObjects: 3.613511 ms  DeleteObjects: 0.162005 ms)

AssetImportParameters requested are different than current active one (requested -> active):
  custom:video-decoder-ogg-theora: a1e56fd34408186e4bbccfd4996cb3dc -> 
  custom:container-muxer-webm: aa71ff27fc2769a1b78a27578f13a17b -> 
  custom:container-demuxer-webm: 4f35f7cbe854078d1ac9338744f61a02 -> 
  custom:video-encoder-webm-vp8: eb34c28f22e8b96e1ab97ce403110664 -> 
  custom:video-codec-MediaFoundation-h265: 55f8c8538cf0483ab7069ead6b737db2 -> 
  custom:audio-encoder-webm-vorbis: bf7c407c2cedff20999df2af8eb42d56 -> 
  custom:framework-win-MediaFoundation: 216162199b28c13a410421893ffa2e32 -> 
  custom:container-demuxer-ogg: 62fdf1f143b41e24485cea50d1cbac27 -> 
  custom:video-decoder-webm-vp8: 9c59270c3fd7afecdb556c50c9e8de78 -> 
  custom:audio-decoder-ogg-vorbis: bf7c407c2cedff20999df2af8eb42d56 -> 
========================================================================
Received Prepare
Registering precompiled user dll's ...
Registered in 0.004970 seconds.
Begin MonoManager ReloadAssembly
Symbol file LoadedFromMemory doesn't match image D:\_UNITY_\Projects\TestTaskJuly\2DTopShooter\Library\PackageCache\com.unity.visualscripting@1.8.0\Editor\VisualScripting.Core\Dependencies\YamlDotNet\Unity.VisualScripting.YamlDotNet.dll
Symbol file LoadedFromMemory doesn't match image D:\_UNITY_\Projects\TestTaskJuly\2DTopShooter\Library\PackageCache\com.unity.visualscripting@1.8.0\Editor\VisualScripting.Core\Dependencies\DotNetZip\Unity.VisualScripting.IonicZip.dll
Native extension for WindowsStandalone target not found
Refreshing native plugins compatible for Editor in 0.76 ms, found 4 plugins.
Preloading 0 native plugins for Editor in 0.00 ms.
Mono: successfully reloaded assembly
- Completed reload, in  0.850 seconds
Domain Reload Profiling:
	ReloadAssembly (851ms)
		BeginReloadAssembly (111ms)
			ExecutionOrderSort (0ms)
			DisableScriptedObjects (6ms)
			BackupInstance (0ms)
			ReleaseScriptingObjects (0ms)
			CreateAndSetChildDomain (30ms)
		EndReloadAssembly (661ms)
			LoadAssemblies (74ms)
			RebuildTransferFunctionScriptingTraits (0ms)
			SetupTypeCache (220ms)
			ReleaseScriptCaches (2ms)
			RebuildScriptCaches (45ms)
			SetupLoadedEditorAssemblies (281ms)
				LogAssemblyErrors (0ms)
				InitializePlatformSupportModulesInManaged (10ms)
				SetLoadedEditorAssemblies (1ms)
				RefreshPlugins (1ms)
				BeforeProcessingInitializeOnLoad (58ms)
				ProcessInitializeOnLoadAttributes (180ms)
				ProcessInitializeOnLoadMethodAttributes (29ms)
				AfterProcessingInitializeOnLoad (2ms)
				EditorAssembliesLoaded (0ms)
			ExecutionOrderSort2 (0ms)
			AwakeInstancesAfterBackupRestoration (7ms)
Platform modules already initialized, skipping
Refreshing native plugins compatible for Editor in 2.95 ms, found 4 plugins.
Preloading 0 native plugins for Editor in 0.00 ms.
Unloading 3778 Unused Serialized files (Serialized files now loaded: 0)
Unloading 28 unused Assets / (195.7 KB). Loaded Objects now: 4271.
Memory consumption went from 149.0 MB to 148.8 MB.
Total: 4.617300 ms (FindLiveObjects: 0.367318 ms CreateObjectMapping: 0.339087 ms MarkObjects: 3.716809 ms  DeleteObjects: 0.192802 ms)

AssetImportParameters requested are different than current active one (requested -> active):
  custom:video-decoder-ogg-theora: a1e56fd34408186e4bbccfd4996cb3dc -> 
  custom:container-muxer-webm: aa71ff27fc2769a1b78a27578f13a17b -> 
  custom:container-demuxer-webm: 4f35f7cbe854078d1ac9338744f61a02 -> 
  custom:video-encoder-webm-vp8: eb34c28f22e8b96e1ab97ce403110664 -> 
  custom:video-codec-MediaFoundation-h265: 55f8c8538cf0483ab7069ead6b737db2 -> 
  custom:audio-encoder-webm-vorbis: bf7c407c2cedff20999df2af8eb42d56 -> 
  custom:framework-win-MediaFoundation: 216162199b28c13a410421893ffa2e32 -> 
  custom:container-demuxer-ogg: 62fdf1f143b41e24485cea50d1cbac27 -> 
  custom:video-decoder-webm-vp8: 9c59270c3fd7afecdb556c50c9e8de78 -> 
  custom:audio-decoder-ogg-vorbis: bf7c407c2cedff20999df2af8eb42d56 -> 
========================================================================
Received Prepare
Registering precompiled user dll's ...
Registered in 0.004646 seconds.
Begin MonoManager ReloadAssembly
Symbol file LoadedFromMemory doesn't match image D:\_UNITY_\Projects\TestTaskJuly\2DTopShooter\Library\PackageCache\com.unity.visualscripting@1.8.0\Editor\VisualScripting.Core\Dependencies\YamlDotNet\Unity.VisualScripting.YamlDotNet.dll
Symbol file LoadedFromMemory doesn't match image D:\_UNITY_\Projects\TestTaskJuly\2DTopShooter\Library\PackageCache\com.unity.visualscripting@1.8.0\Editor\VisualScripting.Core\Dependencies\DotNetZip\Unity.VisualScripting.IonicZip.dll
Native extension for WindowsStandalone target not found
Refreshing native plugins compatible for Editor in 0.73 ms, found 4 plugins.
Preloading 0 native plugins for Editor in 0.00 ms.
Mono: successfully reloaded assembly
- Completed reload, in  0.830 seconds
Domain Reload Profiling:
	ReloadAssembly (830ms)
		BeginReloadAssembly (117ms)
			ExecutionOrderSort (0ms)
			DisableScriptedObjects (6ms)
			BackupInstance (0ms)
			ReleaseScriptingObjects (0ms)
			CreateAndSetChildDomain (33ms)
		EndReloadAssembly (634ms)
			LoadAssemblies (78ms)
			RebuildTransferFunctionScriptingTraits (0ms)
			SetupTypeCache (196ms)
			ReleaseScriptCaches (1ms)
			RebuildScriptCaches (44ms)
			SetupLoadedEditorAssemblies (281ms)
				LogAssemblyErrors (0ms)
				InitializePlatformSupportModulesInManaged (10ms)
				SetLoadedEditorAssemblies (0ms)
				RefreshPlugins (1ms)
				BeforeProcessingInitializeOnLoad (57ms)
				ProcessInitializeOnLoadAttributes (180ms)
				ProcessInitializeOnLoadMethodAttributes (31ms)
				AfterProcessingInitializeOnLoad (2ms)
				EditorAssembliesLoaded (0ms)
			ExecutionOrderSort2 (0ms)
			AwakeInstancesAfterBackupRestoration (7ms)
Platform modules already initialized, skipping
Refreshing native plugins compatible for Editor in 2.45 ms, found 4 plugins.
Preloading 0 native plugins for Editor in 0.00 ms.
Unloading 3778 Unused Serialized files (Serialized files now loaded: 0)
Unloading 28 unused Assets / (195.6 KB). Loaded Objects now: 4274.
Memory consumption went from 149.0 MB to 148.8 MB.
Total: 4.469731 ms (FindLiveObjects: 0.354165 ms CreateObjectMapping: 0.277814 ms MarkObjects: 3.629872 ms  DeleteObjects: 0.206596 ms)

AssetImportParameters requested are different than current active one (requested -> active):
  custom:video-decoder-ogg-theora: a1e56fd34408186e4bbccfd4996cb3dc -> 
  custom:container-muxer-webm: aa71ff27fc2769a1b78a27578f13a17b -> 
  custom:container-demuxer-webm: 4f35f7cbe854078d1ac9338744f61a02 -> 
  custom:video-encoder-webm-vp8: eb34c28f22e8b96e1ab97ce403110664 -> 
  custom:video-codec-MediaFoundation-h265: 55f8c8538cf0483ab7069ead6b737db2 -> 
  custom:audio-encoder-webm-vorbis: bf7c407c2cedff20999df2af8eb42d56 -> 
  custom:framework-win-MediaFoundation: 216162199b28c13a410421893ffa2e32 -> 
  custom:container-demuxer-ogg: 62fdf1f143b41e24485cea50d1cbac27 -> 
  custom:video-decoder-webm-vp8: 9c59270c3fd7afecdb556c50c9e8de78 -> 
  custom:audio-decoder-ogg-vorbis: bf7c407c2cedff20999df2af8eb42d56 -> 
========================================================================
Received Prepare
Registering precompiled user dll's ...
Registered in 0.005133 seconds.
Begin MonoManager ReloadAssembly
Symbol file LoadedFromMemory doesn't match image D:\_UNITY_\Projects\TestTaskJuly\2DTopShooter\Library\PackageCache\com.unity.visualscripting@1.8.0\Editor\VisualScripting.Core\Dependencies\YamlDotNet\Unity.VisualScripting.YamlDotNet.dll
Symbol file LoadedFromMemory doesn't match image D:\_UNITY_\Projects\TestTaskJuly\2DTopShooter\Library\PackageCache\com.unity.visualscripting@1.8.0\Editor\VisualScripting.Core\Dependencies\DotNetZip\Unity.VisualScripting.IonicZip.dll
Native extension for WindowsStandalone target not found
Refreshing native plugins compatible for Editor in 0.73 ms, found 4 plugins.
Preloading 0 native plugins for Editor in 0.00 ms.
Mono: successfully reloaded assembly
- Completed reload, in  0.837 seconds
Domain Reload Profiling:
	ReloadAssembly (837ms)
		BeginReloadAssembly (110ms)
			ExecutionOrderSort (0ms)
			DisableScriptedObjects (6ms)
			BackupInstance (0ms)
			ReleaseScriptingObjects (0ms)
			CreateAndSetChildDomain (29ms)
		EndReloadAssembly (642ms)
			LoadAssemblies (75ms)
			RebuildTransferFunctionScriptingTraits (0ms)
			SetupTypeCache (198ms)
			ReleaseScriptCaches (1ms)
			RebuildScriptCaches (40ms)
			SetupLoadedEditorAssemblies (293ms)
				LogAssemblyErrors (0ms)
				InitializePlatformSupportModulesInManaged (11ms)
				SetLoadedEditorAssemblies (0ms)
				RefreshPlugins (1ms)
				BeforeProcessingInitializeOnLoad (57ms)
				ProcessInitializeOnLoadAttributes (192ms)
				ProcessInitializeOnLoadMethodAttributes (30ms)
				AfterProcessingInitializeOnLoad (2ms)
				EditorAssembliesLoaded (0ms)
			ExecutionOrderSort2 (0ms)
			AwakeInstancesAfterBackupRestoration (7ms)
Platform modules already initialized, skipping
Refreshing native plugins compatible for Editor in 3.15 ms, found 4 plugins.
Preloading 0 native plugins for Editor in 0.00 ms.
Unloading 3778 Unused Serialized files (Serialized files now loaded: 0)
Unloading 28 unused Assets / (195.5 KB). Loaded Objects now: 4277.
Memory consumption went from 149.0 MB to 148.8 MB.
Total: 4.174272 ms (FindLiveObjects: 0.325614 ms CreateObjectMapping: 0.299629 ms MarkObjects: 3.363606 ms  DeleteObjects: 0.184782 ms)

AssetImportParameters requested are different than current active one (requested -> active):
  custom:video-decoder-ogg-theora: a1e56fd34408186e4bbccfd4996cb3dc -> 
  custom:container-muxer-webm: aa71ff27fc2769a1b78a27578f13a17b -> 
  custom:container-demuxer-webm: 4f35f7cbe854078d1ac9338744f61a02 -> 
  custom:video-encoder-webm-vp8: eb34c28f22e8b96e1ab97ce403110664 -> 
  custom:video-codec-MediaFoundation-h265: 55f8c8538cf0483ab7069ead6b737db2 -> 
  custom:audio-encoder-webm-vorbis: bf7c407c2cedff20999df2af8eb42d56 -> 
  custom:framework-win-MediaFoundation: 216162199b28c13a410421893ffa2e32 -> 
  custom:container-demuxer-ogg: 62fdf1f143b41e24485cea50d1cbac27 -> 
  custom:video-decoder-webm-vp8: 9c59270c3fd7afecdb556c50c9e8de78 -> 
  custom:audio-decoder-ogg-vorbis: bf7c407c2cedff20999df2af8eb42d56 -> 
========================================================================
Received Import Request.
  Time since last request: 212.291069 seconds.
  path: Assets/Art/Shoguns Clan SDF.asset
  artifactKey: Guid(138af586a9f3cf5499d54434a7c288f2) Importer(815301076,1909f56bfc062723c751e8b465ee728b)
Start importing Assets/Art/Shoguns Clan SDF.asset using Guid(138af586a9f3cf5499d54434a7c288f2) Importer(815301076,1909f56bfc062723c751e8b465ee728b)  -> (artifact id: '61106a378b589202d44f88d27e5dc4a9') in 0.093017 seconds 
========================================================================
Received Import Request.
  Time since last request: 2.562866 seconds.
  path: Assets/Art/CrossHairs/Black/crosshair114.png
  artifactKey: Guid(9d684fae035f14349a61f71de77a5857) Importer(815301076,1909f56bfc062723c751e8b465ee728b)
Start importing Assets/Art/CrossHairs/Black/crosshair114.png using Guid(9d684fae035f14349a61f71de77a5857) Importer(815301076,1909f56bfc062723c751e8b465ee728b)  -> (artifact id: 'c65ec7731038c0a21c963e0709376cf3') in 0.021579 seconds 
========================================================================
Received Import Request.
  Time since last request: 0.000016 seconds.
  path: Assets/Art/CrossHairs/Black/crosshair119.png
  artifactKey: Guid(0608723dccd4bbb4382cf4de40393ca3) Importer(815301076,1909f56bfc062723c751e8b465ee728b)
Start importing Assets/Art/CrossHairs/Black/crosshair119.png using Guid(0608723dccd4bbb4382cf4de40393ca3) Importer(815301076,1909f56bfc062723c751e8b465ee728b)  -> (artifact id: '09452e1bfdbf4eedddd357ca4d11e7c7') in 0.008918 seconds 
========================================================================
Received Import Request.
  Time since last request: 0.000016 seconds.
  path: Assets/Art/CrossHairs/Black/crosshair135.png
  artifactKey: Guid(b15ecb3314acb5148918da898fd95f2c) Importer(815301076,1909f56bfc062723c751e8b465ee728b)
Start importing Assets/Art/CrossHairs/Black/crosshair135.png using Guid(b15ecb3314acb5148918da898fd95f2c) Importer(815301076,1909f56bfc062723c751e8b465ee728b)  -> (artifact id: '4d7669beba578d7eae63071578f92c19') in 0.074107 seconds 
========================================================================
Received Import Request.
  Time since last request: 0.000021 seconds.
  path: Assets/Art/CrossHairs/Black/crosshair142.png
  artifactKey: Guid(4cd7edeb646c10543b030da073d940c0) Importer(815301076,1909f56bfc062723c751e8b465ee728b)
Start importing Assets/Art/CrossHairs/Black/crosshair142.png using Guid(4cd7edeb646c10543b030da073d940c0) Importer(815301076,1909f56bfc062723c751e8b465ee728b)  -> (artifact id: '1a6239c860bea2b472d4e413557fa6c4') in 0.247381 seconds 
========================================================================
Received Import Request.
  Time since last request: 0.000026 seconds.
  path: Assets/Art/CrossHairs/Black/crosshair159.png
  artifactKey: Guid(05772140f3b999b4eb8be5347e3af473) Importer(815301076,1909f56bfc062723c751e8b465ee728b)
Start importing Assets/Art/CrossHairs/Black/crosshair159.png using Guid(05772140f3b999b4eb8be5347e3af473) Importer(815301076,1909f56bfc062723c751e8b465ee728b)  -> (artifact id: '0f71aeb05f4fdcabdd9f74db4810925b') in 0.100542 seconds 
========================================================================
Received Import Request.
  Time since last request: 0.000015 seconds.
  path: Assets/Art/CrossHairs/Black/crosshair134.png
  artifactKey: Guid(6ec7818b3b27218489c6768a1aabbae3) Importer(815301076,1909f56bfc062723c751e8b465ee728b)
Start importing Assets/Art/CrossHairs/Black/crosshair134.png using Guid(6ec7818b3b27218489c6768a1aabbae3) Importer(815301076,1909f56bfc062723c751e8b465ee728b)  -> (artifact id: '432e0a23a2e6dd53c130bb8041950baf') in 0.084510 seconds 
========================================================================
Received Import Request.
  Time since last request: 0.000016 seconds.
  path: Assets/Art/CrossHairs/Black/crosshair164.png
  artifactKey: Guid(d6383b1fd3f40584797a333ed6422c76) Importer(815301076,1909f56bfc062723c751e8b465ee728b)
Start importing Assets/Art/CrossHairs/Black/crosshair164.png using Guid(d6383b1fd3f40584797a333ed6422c76) Importer(815301076,1909f56bfc062723c751e8b465ee728b)  -> (artifact id: 'f7be63568f2275ac8ca1f9adac62dcad') in 0.165794 seconds 
========================================================================
Received Import Request.
  Time since last request: 0.000018 seconds.
  path: Assets/Art/CrossHairs/Black/crosshair157.png
  artifactKey: Guid(8960dd458cbef194283d95294d86490e) Importer(815301076,1909f56bfc062723c751e8b465ee728b)
Start importing Assets/Art/CrossHairs/Black/crosshair157.png using Guid(8960dd458cbef194283d95294d86490e) Importer(815301076,1909f56bfc062723c751e8b465ee728b)  -> (artifact id: 'a4c421805ad174a98500a7102756fa22') in 0.084186 seconds 
========================================================================
Received Import Request.
  Time since last request: 0.000027 seconds.
  path: Assets/Art/CrossHairs/Black/crosshair147.png
  artifactKey: Guid(a2907751b4ae1d74ead924e8af19d003) Importer(815301076,1909f56bfc062723c751e8b465ee728b)
Start importing Assets/Art/CrossHairs/Black/crosshair147.png using Guid(a2907751b4ae1d74ead924e8af19d003) Importer(815301076,1909f56bfc062723c751e8b465ee728b)  -> (artifact id: 'effc3db1b7338dec8fadb83e6810d921') in 0.068121 seconds 
========================================================================
Received Import Request.
  Time since last request: 0.000013 seconds.
  path: Assets/Art/CrossHairs/Black/crosshair175.png
  artifactKey: Guid(616d169ac65dca1478accec385f5fd56) Importer(815301076,1909f56bfc062723c751e8b465ee728b)
Start importing Assets/Art/CrossHairs/Black/crosshair175.png using Guid(616d169ac65dca1478accec385f5fd56) Importer(815301076,1909f56bfc062723c751e8b465ee728b)  -> (artifact id: 'de3c1805c3168cbc9d231d0119b2e121') in 0.008797 seconds 
========================================================================
Received Import Request.
  Time since last request: 0.000015 seconds.
  path: Assets/Art/CrossHairs/Black/crosshair180.png
  artifactKey: Guid(1f3db72d25ea3804fb9be2fa63a81c26) Importer(815301076,1909f56bfc062723c751e8b465ee728b)
Start importing Assets/Art/CrossHairs/Black/crosshair180.png using Guid(1f3db72d25ea3804fb9be2fa63a81c26) Importer(815301076,1909f56bfc062723c751e8b465ee728b)  -> (artifact id: 'ca899d906533e272673582abf86bebae') in 0.007811 seconds 
========================================================================
Received Import Request.
  Time since last request: 0.000016 seconds.
  path: Assets/Art/CrossHairs/Black/crosshair161.png
  artifactKey: Guid(81b0bd513b64f6240a73c87ebfc6cb7a) Importer(815301076,1909f56bfc062723c751e8b465ee728b)
Start importing Assets/Art/CrossHairs/Black/crosshair161.png using Guid(81b0bd513b64f6240a73c87ebfc6cb7a) Importer(815301076,1909f56bfc062723c751e8b465ee728b)  -> (artifact id: '6613106244a5c702d7b4b3ab00f7b4e1') in 0.007961 seconds 
========================================================================
Received Import Request.
  Time since last request: 0.000020 seconds.
  path: Assets/Art/CrossHairs/Black/crosshair168.png
  artifactKey: Guid(47a86ef2c82f734448d6a428b115c513) Importer(815301076,1909f56bfc062723c751e8b465ee728b)
Start importing Assets/Art/CrossHairs/Black/crosshair168.png using Guid(47a86ef2c82f734448d6a428b115c513) Importer(815301076,1909f56bfc062723c751e8b465ee728b)  -> (artifact id: '19227a42c61affb15ff0044a7c33d5fe') in 0.149494 seconds 
========================================================================
Received Import Request.
  Time since last request: 0.000021 seconds.
  path: Assets/Art/CrossHairs/Black/crosshair186.png
  artifactKey: Guid(d3d9f5519e0e06642976325d6b3d4495) Importer(815301076,1909f56bfc062723c751e8b465ee728b)
Start importing Assets/Art/CrossHairs/Black/crosshair186.png using Guid(d3d9f5519e0e06642976325d6b3d4495) Importer(815301076,1909f56bfc062723c751e8b465ee728b)  -> (artifact id: '252056e5924b04cc2ee7f8c8dc60a3b1') in 0.007516 seconds 
========================================================================
Received Import Request.
  Time since last request: 0.000027 seconds.
  path: Assets/Art/CrossHairs/Black/crosshair151.png
  artifactKey: Guid(1c826da5908bdbc4791146e74568f210) Importer(815301076,1909f56bfc062723c751e8b465ee728b)
Start importing Assets/Art/CrossHairs/Black/crosshair151.png using Guid(1c826da5908bdbc4791146e74568f210) Importer(815301076,1909f56bfc062723c751e8b465ee728b)  -> (artifact id: 'f164f8889a9fe12a21f7dc61b8c7843b') in 0.049118 seconds 
========================================================================
Received Import Request.
  Time since last request: 0.000017 seconds.
  path: Assets/Art/CrossHairs/Black/crosshair153.png
  artifactKey: Guid(d7dd3451938124d4a98301a9e1453e0b) Importer(815301076,1909f56bfc062723c751e8b465ee728b)
Start importing Assets/Art/CrossHairs/Black/crosshair153.png using Guid(d7dd3451938124d4a98301a9e1453e0b) Importer(815301076,1909f56bfc062723c751e8b465ee728b)  -> (artifact id: 'c80c4cf95cf4bb5111617565c65d5bc3') in 0.174980 seconds 
========================================================================
Received Import Request.
  Time since last request: 0.000020 seconds.
  path: Assets/Art/CrossHairs/Black/crosshair132.png
  artifactKey: Guid(cde3f6cf597c42f4a8f24104bd956974) Importer(815301076,1909f56bfc062723c751e8b465ee728b)
Start importing Assets/Art/CrossHairs/Black/crosshair132.png using Guid(cde3f6cf597c42f4a8f24104bd956974) Importer(815301076,1909f56bfc062723c751e8b465ee728b)  -> (artifact id: 'c44c3572842d5573492aca5cf1216a60') in 0.008339 seconds 
========================================================================
Received Import Request.
  Time since last request: 0.000025 seconds.
  path: Assets/Art/CrossHairs/Black/crosshair178.png
  artifactKey: Guid(91e767efef349734d82abdcdf80f910d) Importer(815301076,1909f56bfc062723c751e8b465ee728b)
Start importing Assets/Art/CrossHairs/Black/crosshair178.png using Guid(91e767efef349734d82abdcdf80f910d) Importer(815301076,1909f56bfc062723c751e8b465ee728b)  -> (artifact id: '8662d2e18a8b529de350efe5eda66a40') in 0.007650 seconds 
========================================================================
Received Import Request.
  Time since last request: 0.000016 seconds.
  path: Assets/Art/CrossHairs/Black/crosshair190.png
  artifactKey: Guid(5808d5ba519dfd54595aa2d48c2a393c) Importer(815301076,1909f56bfc062723c751e8b465ee728b)
Start importing Assets/Art/CrossHairs/Black/crosshair190.png using Guid(5808d5ba519dfd54595aa2d48c2a393c) Importer(815301076,1909f56bfc062723c751e8b465ee728b)  -> (artifact id: 'e8d37dd5a18ab9640a351ced68330756') in 0.007448 seconds 
========================================================================
Received Import Request.
  Time since last request: 0.000015 seconds.
  path: Assets/Art/CrossHairs/Black/crosshair179.png
  artifactKey: Guid(838c435634ed26643ba710dab89aa670) Importer(815301076,1909f56bfc062723c751e8b465ee728b)
Start importing Assets/Art/CrossHairs/Black/crosshair179.png using Guid(838c435634ed26643ba710dab89aa670) Importer(815301076,1909f56bfc062723c751e8b465ee728b)  -> (artifact id: '86f96d63019f0320a6080a4f84430cc3') in 0.007817 seconds 
========================================================================
Received Import Request.
  Time since last request: 0.000015 seconds.
  path: Assets/Art/CrossHairs/Black/crosshair126.png
  artifactKey: Guid(50970c78374be624395177da0fa4df40) Importer(815301076,1909f56bfc062723c751e8b465ee728b)
Start importing Assets/Art/CrossHairs/Black/crosshair126.png using Guid(50970c78374be624395177da0fa4df40) Importer(815301076,1909f56bfc062723c751e8b465ee728b)  -> (artifact id: '74590571d09a441f461c24856dacf133') in 0.031224 seconds 
========================================================================
Received Import Request.
  Time since last request: 0.000013 seconds.
  path: Assets/Art/CrossHairs/Black/crosshair169.png
  artifactKey: Guid(e4f83fece1118f744b313edb15b4c524) Importer(815301076,1909f56bfc062723c751e8b465ee728b)
Start importing Assets/Art/CrossHairs/Black/crosshair169.png using Guid(e4f83fece1118f744b313edb15b4c524) Importer(815301076,1909f56bfc062723c751e8b465ee728b)  -> (artifact id: '06569fe2393e8950a3e8079bf833e485') in 0.363093 seconds 
========================================================================
Received Import Request.
  Time since last request: 0.000014 seconds.
  path: Assets/Art/CrossHairs/Black/crosshair195.png
  artifactKey: Guid(adf52f01bfe7c0849954cd690dc291db) Importer(815301076,1909f56bfc062723c751e8b465ee728b)
Start importing Assets/Art/CrossHairs/Black/crosshair195.png using Guid(adf52f01bfe7c0849954cd690dc291db) Importer(815301076,1909f56bfc062723c751e8b465ee728b)  -> (artifact id: 'b36e0fd4731b9e827a0002c8d4eb3016') in 0.008019 seconds 
========================================================================
Received Import Request.
  Time since last request: 0.000031 seconds.
  path: Assets/Art/CrossHairs/Black/crosshair196.png
  artifactKey: Guid(3c3d1ce680077c3418cf832f72ce948a) Importer(815301076,1909f56bfc062723c751e8b465ee728b)
Start importing Assets/Art/CrossHairs/Black/crosshair196.png using Guid(3c3d1ce680077c3418cf832f72ce948a) Importer(815301076,1909f56bfc062723c751e8b465ee728b)  -> (artifact id: 'ca0f5cd0835e685814d6b960df76d951') in 0.068101 seconds 
========================================================================
Received Import Request.
  Time since last request: 0.000016 seconds.
  path: Assets/Art/CrossHairs/Black/crosshair117.png
  artifactKey: Guid(12a1cad22872d6a4b8498859aa801e26) Importer(815301076,1909f56bfc062723c751e8b465ee728b)
Start importing Assets/Art/CrossHairs/Black/crosshair117.png using Guid(12a1cad22872d6a4b8498859aa801e26) Importer(815301076,1909f56bfc062723c751e8b465ee728b)  -> (artifact id: '14f97de5e7bc41d1b00d54f28a12d900') in 0.373410 seconds 
========================================================================
Received Import Request.
  Time since last request: 0.000019 seconds.
  path: Assets/Art/CrossHairs/Black/crosshair129.png
  artifactKey: Guid(c1522be2b7ba0cd4ba86bb3cd28fc5e4) Importer(815301076,1909f56bfc062723c751e8b465ee728b)
Start importing Assets/Art/CrossHairs/Black/crosshair129.png using Guid(c1522be2b7ba0cd4ba86bb3cd28fc5e4) Importer(815301076,1909f56bfc062723c751e8b465ee728b)  -> (artifact id: '7e0150798d2a2065417efd4febeffb9b') in 0.112867 seconds 
========================================================================
Received Import Request.
  Time since last request: 0.000021 seconds.
  path: Assets/Art/CrossHairs/Black/crosshair158.png
  artifactKey: Guid(a4ba683b377ee734dae2822ae605041e) Importer(815301076,1909f56bfc062723c751e8b465ee728b)
Start importing Assets/Art/CrossHairs/Black/crosshair158.png using Guid(a4ba683b377ee734dae2822ae605041e) Importer(815301076,1909f56bfc062723c751e8b465ee728b)  -> (artifact id: '101a7142a7870ffea3c1d4d1b176918b') in 0.081720 seconds 
========================================================================
Received Import Request.
  Time since last request: 0.000022 seconds.
  path: Assets/Art/CrossHairs/Black/crosshair189.png
  artifactKey: Guid(7cf514ec7cc6fb1458f6d72dc6eb2ae0) Importer(815301076,1909f56bfc062723c751e8b465ee728b)
Start importing Assets/Art/CrossHairs/Black/crosshair189.png using Guid(7cf514ec7cc6fb1458f6d72dc6eb2ae0) Importer(815301076,1909f56bfc062723c751e8b465ee728b)  -> (artifact id: '01d090134a755b779cc74ee56cfecc46') in 0.008637 seconds 
========================================================================
Received Import Request.
  Time since last request: 0.000015 seconds.
  path: Assets/Art/CrossHairs/Black/crosshair137.png
  artifactKey: Guid(73471f4a1b97f2a4ebce3b3811a09202) Importer(815301076,1909f56bfc062723c751e8b465ee728b)
Start importing Assets/Art/CrossHairs/Black/crosshair137.png using Guid(73471f4a1b97f2a4ebce3b3811a09202) Importer(815301076,1909f56bfc062723c751e8b465ee728b)  -> (artifact id: 'a0a010e0fe8ab276da602cd5fd9830a9') in 0.069998 seconds 
========================================================================
Received Import Request.
  Time since last request: 0.000015 seconds.
  path: Assets/Art/CrossHairs/Black/crosshair185.png
  artifactKey: Guid(67d31520665e4ea498d0d2c30cc4f33a) Importer(815301076,1909f56bfc062723c751e8b465ee728b)
Start importing Assets/Art/CrossHairs/Black/crosshair185.png using Guid(67d31520665e4ea498d0d2c30cc4f33a) Importer(815301076,1909f56bfc062723c751e8b465ee728b)  -> (artifact id: '5d939129c56b251c4dda203d9c5988ca') in 0.009263 seconds 
========================================================================
Received Import Request.
  Time since last request: 0.000014 seconds.
  path: Assets/Art/CrossHairs/Black/crosshair193.png
  artifactKey: Guid(8c43af43e841e18438ca903780ada1ef) Importer(815301076,1909f56bfc062723c751e8b465ee728b)
Start importing Assets/Art/CrossHairs/Black/crosshair193.png using Guid(8c43af43e841e18438ca903780ada1ef) Importer(815301076,1909f56bfc062723c751e8b465ee728b)  -> (artifact id: '0e3dfb236f93eb46df90bcd6ac360bc8') in 0.269206 seconds 
========================================================================
Received Import Request.
  Time since last request: 0.000030 seconds.
  path: Assets/Art/CrossHairs/Black/crosshair116.png
  artifactKey: Guid(e9ccfcd55a06bb24d8ebb9c3316dda29) Importer(815301076,1909f56bfc062723c751e8b465ee728b)
Start importing Assets/Art/CrossHairs/Black/crosshair116.png using Guid(e9ccfcd55a06bb24d8ebb9c3316dda29) Importer(815301076,1909f56bfc062723c751e8b465ee728b)  -> (artifact id: '93f8d9f65c185c5194b9cf061e339380') in 0.008733 seconds 
========================================================================
Received Import Request.
  Time since last request: 0.000029 seconds.
  path: Assets/Art/CrossHairs/Black/crosshair173.png
  artifactKey: Guid(3ae8339d221a11a43a4c51b6e3c3c751) Importer(815301076,1909f56bfc062723c751e8b465ee728b)
Start importing Assets/Art/CrossHairs/Black/crosshair173.png using Guid(3ae8339d221a11a43a4c51b6e3c3c751) Importer(815301076,1909f56bfc062723c751e8b465ee728b)  -> (artifact id: 'bf84fb2178953874ceda981219f2b41b') in 0.009509 seconds 
========================================================================
Received Import Request.
  Time since last request: 0.000015 seconds.
  path: Assets/Art/CrossHairs/Black/crosshair177.png
  artifactKey: Guid(12953ab66a467cf46bd600c43f276216) Importer(815301076,1909f56bfc062723c751e8b465ee728b)
Start importing Assets/Art/CrossHairs/Black/crosshair177.png using Guid(12953ab66a467cf46bd600c43f276216) Importer(815301076,1909f56bfc062723c751e8b465ee728b)  -> (artifact id: '531169ab52a48c70295c0642f28410d5') in 0.007877 seconds 
========================================================================
Received Import Request.
  Time since last request: 0.000015 seconds.
  path: Assets/Art/CrossHairs/Black/crosshair174.png
  artifactKey: Guid(19d4aeabc892d864f9b5e43eb9f3a839) Importer(815301076,1909f56bfc062723c751e8b465ee728b)
Start importing Assets/Art/CrossHairs/Black/crosshair174.png using Guid(19d4aeabc892d864f9b5e43eb9f3a839) Importer(815301076,1909f56bfc062723c751e8b465ee728b)  -> (artifact id: '6c167588d5d5254ed701521ab262410f') in 0.008163 seconds 
========================================================================
Received Import Request.
  Time since last request: 0.000014 seconds.
  path: Assets/Art/CrossHairs/Black/crosshair184.png
  artifactKey: Guid(3192bfa767916774eb53b4b67f4baf40) Importer(815301076,1909f56bfc062723c751e8b465ee728b)
Start importing Assets/Art/CrossHairs/Black/crosshair184.png using Guid(3192bfa767916774eb53b4b67f4baf40) Importer(815301076,1909f56bfc062723c751e8b465ee728b)  -> (artifact id: '9dc0dcb66eca7e33a400888e2e682740') in 0.007932 seconds 
========================================================================
Received Import Request.
  Time since last request: 0.000018 seconds.
  path: Assets/Art/CrossHairs/Black/crosshair149.png
  artifactKey: Guid(c391628656a552a4d84461f95b01dbd8) Importer(815301076,1909f56bfc062723c751e8b465ee728b)
Start importing Assets/Art/CrossHairs/Black/crosshair149.png using Guid(c391628656a552a4d84461f95b01dbd8) Importer(815301076,1909f56bfc062723c751e8b465ee728b)  -> (artifact id: '0d5924b55f3ee4a90eb6f0010893b186') in 0.020636 seconds 
========================================================================
Received Import Request.
  Time since last request: 0.000014 seconds.
  path: Assets/Art/CrossHairs/Black/crosshair182.png
  artifactKey: Guid(5374a4615baa21c4f9c64706bc060858) Importer(815301076,1909f56bfc062723c751e8b465ee728b)
Start importing Assets/Art/CrossHairs/Black/crosshair182.png using Guid(5374a4615baa21c4f9c64706bc060858) Importer(815301076,1909f56bfc062723c751e8b465ee728b)  -> (artifact id: '534aa521ef89683055c20a1032b0defc') in 0.008114 seconds 
========================================================================
Received Import Request.
  Time since last request: 0.000016 seconds.
  path: Assets/Art/CrossHairs/Black/crosshair166.png
  artifactKey: Guid(d29c064c47a0ea84f9e2f1735fb907f1) Importer(815301076,1909f56bfc062723c751e8b465ee728b)
Start importing Assets/Art/CrossHairs/Black/crosshair166.png using Guid(d29c064c47a0ea84f9e2f1735fb907f1) Importer(815301076,1909f56bfc062723c751e8b465ee728b)  -> (artifact id: '702f844bd9ac8998c38db82ecbdc5d26') in 0.337956 seconds 
========================================================================
Received Import Request.
  Time since last request: 0.000019 seconds.
  path: Assets/Art/CrossHairs/Black/crosshair172.png
  artifactKey: Guid(44db805b049e90541aa14a9380545820) Importer(815301076,1909f56bfc062723c751e8b465ee728b)
Start importing Assets/Art/CrossHairs/Black/crosshair172.png using Guid(44db805b049e90541aa14a9380545820) Importer(815301076,1909f56bfc062723c751e8b465ee728b)  -> (artifact id: '1b08c771ffeb29bebf37ebc4db842914') in 0.116829 seconds 
